[debug] [2018-04-22T11:43:57.291Z] ----------------------------------------------------------------------
[debug] [2018-04-22T11:43:57.292Z] Command:       /home/bask/nodes/node-v8.9.3-linux-x64/bin/node /home/bask/nodes/node-v8.9.3-linux-x64/bin/firebase deploy
[debug] [2018-04-22T11:43:57.293Z] CLI Version:   3.18.4
[debug] [2018-04-22T11:43:57.293Z] Platform:      linux
[debug] [2018-04-22T11:43:57.293Z] Node Version:  v8.9.3
[debug] [2018-04-22T11:43:57.293Z] Time:          Sun Apr 22 2018 13:43:57 GMT+0200 (CEST)
[debug] [2018-04-22T11:43:57.293Z] ----------------------------------------------------------------------
[debug] 
[debug] [2018-04-22T11:43:57.299Z] > command requires scopes: ["email","openid","https://www.googleapis.com/auth/cloudplatformprojects.readonly","https://www.googleapis.com/auth/firebase","https://www.googleapis.com/auth/cloud-platform"]
[debug] [2018-04-22T11:43:57.299Z] > authorizing via signed-in user
[debug] [2018-04-22T11:43:57.300Z] >>> HTTP REQUEST GET https://admin.firebase.com/v1/projects/martinesstuga  
  
 Sun Apr 22 2018 13:43:57 GMT+0200 (CEST)
[debug] [2018-04-22T11:44:20.588Z] ----------------------------------------------------------------------
[debug] [2018-04-22T11:44:20.589Z] Command:       /home/bask/nodes/node-v8.9.3-linux-x64/bin/node /home/bask/nodes/node-v8.9.3-linux-x64/bin/firebase init
[debug] [2018-04-22T11:44:20.589Z] CLI Version:   3.18.4
[debug] [2018-04-22T11:44:20.589Z] Platform:      linux
[debug] [2018-04-22T11:44:20.589Z] Node Version:  v8.9.3
[debug] [2018-04-22T11:44:20.589Z] Time:          Sun Apr 22 2018 13:44:20 GMT+0200 (CEST)
[debug] [2018-04-22T11:44:20.589Z] ----------------------------------------------------------------------
[debug] 
[debug] [2018-04-22T11:44:20.595Z] > command requires scopes: ["email","openid","https://www.googleapis.com/auth/cloudplatformprojects.readonly","https://www.googleapis.com/auth/firebase"]
[debug] [2018-04-22T11:44:20.595Z] > authorizing via signed-in user
[info] 
     ######## #### ########  ######## ########     ###     ######  ########
     ##        ##  ##     ## ##       ##     ##  ##   ##  ##       ##
     ######    ##  ########  ######   ########  #########  ######  ######
     ##        ##  ##    ##  ##       ##     ## ##     ##       ## ##
     ##       #### ##     ## ######## ########  ##     ##  ######  ########

You're about to initialize a Firebase project in this directory:

  /home/bask/nodes/Ceres

Before we get started, keep in mind:

  * You are initializing in an existing Firebase project directory

[info] 
=== Project Setup
[info] 
[info] First, let's associate this project directory with a Firebase project.
[info] You can create multiple project aliases by running firebase use --add, 
[info] but for now we'll just set up a default project.
[info] 
[debug] [2018-04-22T11:44:24.437Z] > refreshing access token with scopes: ["email","https://www.googleapis.com/auth/cloudplatformprojects.readonly","https://www.googleapis.com/auth/firebase","openid"]
[debug] [2018-04-22T11:44:24.437Z] >>> HTTP REQUEST POST https://www.googleapis.com/oauth2/v3/token  
 { refresh_token: '1/_NEllZffnj3VVcJR43INC590tyrEPqKHIR8OtZPYK5M',
  client_id: '563584335869-fgrhgmd47bqnekij5i8b5pr03ho849e6.apps.googleusercontent.com',
  client_secret: 'j9iVZfS8kkCEFUPaAeJV0sAi',
  grant_type: 'refresh_token',
  scope: 'email https://www.googleapis.com/auth/cloudplatformprojects.readonly https://www.googleapis.com/auth/firebase openid' } 
 Sun Apr 22 2018 13:44:24 GMT+0200 (CEST)
